[     154ms] [INFO] %cDownload the React DevTools for a better development experience: https://react.dev/link/react-devtools font-weight:bold @ http://localhost:3001/_next/static/chunks/c5428_next_dist_compiled_react-dom_761aac._.js:13948
[     251ms] [LOG] [Fast Refresh] rebuilding @ http://localhost:3001/_next/static/chunks/c5428_next_dist_client_67ff9f._.js:13665
[  183765ms] [LOG] [Fast Refresh] rebuilding @ http://localhost:3001/_next/static/chunks/c5428_next_dist_client_67ff9f._.js:13665
[  183918ms] [LOG] [Fast Refresh] done in 162ms @ http://localhost:3001/_next/static/chunks/c5428_next_dist_client_67ff9f._.js:13492
[  184488ms] [LOG] [Fast Refresh] rebuilding @ http://localhost:3001/_next/static/chunks/c5428_next_dist_client_67ff9f._.js:13665
[  184496ms] [LOG] [Fast Refresh] rebuilding @ http://localhost:3001/_next/static/chunks/c5428_next_dist_client_67ff9f._.js:13665
[  189035ms] [LOG] [Fast Refresh] rebuilding @ http://localhost:3001/_next/static/chunks/c5428_next_dist_client_67ff9f._.js:13665
[  189653ms] [INFO] %cDownload the React DevTools for a better development experience: https://react.dev/link/react-devtools font-weight:bold @ http://localhost:3001/_next/static/chunks/c5428_next_dist_compiled_react-dom_761aac._.js:13948
[  189717ms] [LOG] [Fast Refresh] rebuilding @ http://localhost:3001/_next/static/chunks/c5428_next_dist_client_67ff9f._.js:13665
[  262264ms] [LOG] [Fast Refresh] rebuilding @ http://localhost:3001/_next/static/chunks/c5428_next_dist_client_67ff9f._.js:13665
[  262422ms] [LOG] [Fast Refresh] done in 154ms @ http://localhost:3001/_next/static/chunks/c5428_next_dist_client_67ff9f._.js:13492
[  263037ms] [LOG] [Fast Refresh] rebuilding @ http://localhost:3001/_next/static/chunks/c5428_next_dist_client_67ff9f._.js:13665
[  270929ms] [LOG] [Fast Refresh] rebuilding @ http://localhost:3001/_next/static/chunks/c5428_next_dist_client_67ff9f._.js:13665
[  271557ms] [INFO] %cDownload the React DevTools for a better development experience: https://react.dev/link/react-devtools font-weight:bold @ http://localhost:3001/_next/static/chunks/c5428_next_dist_compiled_react-dom_761aac._.js:13948
[  271645ms] [LOG] [Fast Refresh] rebuilding @ http://localhost:3001/_next/static/chunks/c5428_next_dist_client_67ff9f._.js:13665
[  297331ms] [LOG] [Fast Refresh] rebuilding @ http://localhost:3001/_next/static/chunks/c5428_next_dist_client_67ff9f._.js:13665
[  297504ms] [LOG] [Fast Refresh] done in 175ms @ http://localhost:3001/_next/static/chunks/c5428_next_dist_client_67ff9f._.js:13492
[  298021ms] [LOG] [Fast Refresh] rebuilding @ http://localhost:3001/_next/static/chunks/c5428_next_dist_client_67ff9f._.js:13665
[  303490ms] [LOG] [Fast Refresh] rebuilding @ http://localhost:3001/_next/static/chunks/c5428_next_dist_client_67ff9f._.js:13665
[  304007ms] [INFO] %cDownload the React DevTools for a better development experience: https://react.dev/link/react-devtools font-weight:bold @ http://localhost:3001/_next/static/chunks/c5428_next_dist_compiled_react-dom_761aac._.js:13948
[  304063ms] [LOG] [Fast Refresh] rebuilding @ http://localhost:3001/_next/static/chunks/c5428_next_dist_client_67ff9f._.js:13665
[  329729ms] [LOG] [Fast Refresh] rebuilding @ http://localhost:3001/_next/static/chunks/c5428_next_dist_client_67ff9f._.js:13665
[  329905ms] [LOG] [Fast Refresh] done in 182ms @ http://localhost:3001/_next/static/chunks/c5428_next_dist_client_67ff9f._.js:13492
[  330448ms] [LOG] [Fast Refresh] rebuilding @ http://localhost:3001/_next/static/chunks/c5428_next_dist_client_67ff9f._.js:13665
[  330453ms] [LOG] [Fast Refresh] rebuilding @ http://localhost:3001/_next/static/chunks/c5428_next_dist_client_67ff9f._.js:13665
[  334790ms] [LOG] [Fast Refresh] rebuilding @ http://localhost:3001/_next/static/chunks/c5428_next_dist_client_67ff9f._.js:13665
[  335505ms] [INFO] %cDownload the React DevTools for a better development experience: https://react.dev/link/react-devtools font-weight:bold @ http://localhost:3001/_next/static/chunks/c5428_next_dist_compiled_react-dom_761aac._.js:13948
[  335550ms] [LOG] [Fast Refresh] rebuilding @ http://localhost:3001/_next/static/chunks/c5428_next_dist_client_67ff9f._.js:13665
[  380037ms] [LOG] [Fast Refresh] rebuilding @ http://localhost:3001/_next/static/chunks/c5428_next_dist_client_67ff9f._.js:13665
[  380260ms] [LOG] [Fast Refresh] done in 254ms @ http://localhost:3001/_next/static/chunks/c5428_next_dist_client_67ff9f._.js:13492
[  380978ms] [LOG] [Fast Refresh] rebuilding @ http://localhost:3001/_next/static/chunks/c5428_next_dist_client_67ff9f._.js:13665
[  380983ms] [LOG] [Fast Refresh] rebuilding @ http://localhost:3001/_next/static/chunks/c5428_next_dist_client_67ff9f._.js:13665
[  387691ms] [LOG] [Fast Refresh] rebuilding @ http://localhost:3001/_next/static/chunks/c5428_next_dist_client_67ff9f._.js:13665
[  388596ms] [INFO] %cDownload the React DevTools for a better development experience: https://react.dev/link/react-devtools font-weight:bold @ http://localhost:3001/_next/static/chunks/c5428_next_dist_compiled_react-dom_761aac._.js:13948
[  388661ms] [LOG] [Fast Refresh] rebuilding @ http://localhost:3001/_next/static/chunks/c5428_next_dist_client_67ff9f._.js:13665
[  441461ms] [LOG] [Fast Refresh] rebuilding @ http://localhost:3001/_next/static/chunks/c5428_next_dist_client_67ff9f._.js:13665
[  441626ms] [LOG] [Fast Refresh] done in 164ms @ http://localhost:3001/_next/static/chunks/c5428_next_dist_client_67ff9f._.js:13492
[  442183ms] [LOG] [Fast Refresh] rebuilding @ http://localhost:3001/_next/static/chunks/c5428_next_dist_client_67ff9f._.js:13665
[  445626ms] [LOG] [Fast Refresh] rebuilding @ http://localhost:3001/_next/static/chunks/c5428_next_dist_client_67ff9f._.js:13665
[  445713ms] [LOG] [Fast Refresh] done in 83ms @ http://localhost:3001/_next/static/chunks/c5428_next_dist_client_67ff9f._.js:13492
[  446586ms] [LOG] [Fast Refresh] rebuilding @ http://localhost:3001/_next/static/chunks/c5428_next_dist_client_67ff9f._.js:13665
[  450606ms] [LOG] [Fast Refresh] rebuilding @ http://localhost:3001/_next/static/chunks/c5428_next_dist_client_67ff9f._.js:13665
[  450741ms] [LOG] [Fast Refresh] done in 130ms @ http://localhost:3001/_next/static/chunks/c5428_next_dist_client_67ff9f._.js:13492
[  451354ms] [LOG] [Fast Refresh] rebuilding @ http://localhost:3001/_next/static/chunks/c5428_next_dist_client_67ff9f._.js:13665
[  462396ms] [LOG] [Fast Refresh] rebuilding @ http://localhost:3001/_next/static/chunks/c5428_next_dist_client_67ff9f._.js:13665
[  462430ms] [LOG] [Fast Refresh] rebuilding @ http://localhost:3001/_next/static/chunks/c5428_next_dist_client_67ff9f._.js:13665
[  463041ms] [INFO] %cDownload the React DevTools for a better development experience: https://react.dev/link/react-devtools font-weight:bold @ http://localhost:3001/_next/static/chunks/c5428_next_dist_compiled_react-dom_761aac._.js:13948
[  463114ms] [LOG] [Fast Refresh] rebuilding @ http://localhost:3001/_next/static/chunks/c5428_next_dist_client_67ff9f._.js:13665
[  600380ms] [LOG] [Fast Refresh] rebuilding @ http://localhost:3001/_next/static/chunks/c5428_next_dist_client_67ff9f._.js:13665
[  600548ms] [LOG] [Fast Refresh] done in 175ms @ http://localhost:3001/_next/static/chunks/c5428_next_dist_client_67ff9f._.js:13492
[  601253ms] [LOG] [Fast Refresh] rebuilding @ http://localhost:3001/_next/static/chunks/c5428_next_dist_client_67ff9f._.js:13665
[  601261ms] [LOG] [Fast Refresh] rebuilding @ http://localhost:3001/_next/static/chunks/c5428_next_dist_client_67ff9f._.js:13665
[  606847ms] [LOG] [Fast Refresh] rebuilding @ http://localhost:3001/_next/static/chunks/c5428_next_dist_client_67ff9f._.js:13665
[  607049ms] [LOG] [Fast Refresh] done in 202ms @ http://localhost:3001/_next/static/chunks/c5428_next_dist_client_67ff9f._.js:13492
[  607664ms] [LOG] [Fast Refresh] rebuilding @ http://localhost:3001/_next/static/chunks/c5428_next_dist_client_67ff9f._.js:13665
[  607665ms] [LOG] [Fast Refresh] rebuilding @ http://localhost:3001/_next/static/chunks/c5428_next_dist_client_67ff9f._.js:13665
[  616760ms] [INFO] %cDownload the React DevTools for a better development experience: https://react.dev/link/react-devtools font-weight:bold @ http://localhost:3001/_next/static/chunks/c5428_next_dist_compiled_react-dom_761aac._.js:13948
[  616846ms] [LOG] [Fast Refresh] rebuilding @ http://localhost:3001/_next/static/chunks/c5428_next_dist_client_67ff9f._.js:13665
[  649012ms] [LOG] [Fast Refresh] rebuilding @ http://localhost:3001/_next/static/chunks/c5428_next_dist_client_67ff9f._.js:13665
[  649152ms] [LOG] [Fast Refresh] rebuilding @ http://localhost:3001/_next/static/chunks/c5428_next_dist_client_67ff9f._.js:13665
[  649697ms] [LOG] [Fast Refresh] rebuilding @ http://localhost:3001/_next/static/chunks/c5428_next_dist_client_67ff9f._.js:13665
[  649765ms] [LOG] [Fast Refresh] rebuilding @ http://localhost:3001/_next/static/chunks/c5428_next_dist_client_67ff9f._.js:13665
[  650093ms] [LOG] [Fast Refresh] rebuilding @ http://localhost:3001/_next/static/chunks/c5428_next_dist_client_67ff9f._.js:13665
[  650271ms] [LOG] [Fast Refresh] rebuilding @ http://localhost:3001/_next/static/chunks/c5428_next_dist_client_67ff9f._.js:13665
[  650336ms] [LOG] [Fast Refresh] rebuilding @ http://localhost:3001/_next/static/chunks/c5428_next_dist_client_67ff9f._.js:13665
[  650372ms] [LOG] [Fast Refresh] rebuilding @ http://localhost:3001/_next/static/chunks/c5428_next_dist_client_67ff9f._.js:13665
[  650447ms] [LOG] [Fast Refresh] rebuilding @ http://localhost:3001/_next/static/chunks/c5428_next_dist_client_67ff9f._.js:13665
[  650486ms] [LOG] [Fast Refresh] rebuilding @ http://localhost:3001/_next/static/chunks/c5428_next_dist_client_67ff9f._.js:13665
[  650584ms] [LOG] [Fast Refresh] rebuilding @ http://localhost:3001/_next/static/chunks/c5428_next_dist_client_67ff9f._.js:13665
[  650639ms] [LOG] [Fast Refresh] rebuilding @ http://localhost:3001/_next/static/chunks/c5428_next_dist_client_67ff9f._.js:13665
[  650969ms] [LOG] [Fast Refresh] rebuilding @ http://localhost:3001/_next/static/chunks/c5428_next_dist_client_67ff9f._.js:13665
[  651040ms] [LOG] [Fast Refresh] rebuilding @ http://localhost:3001/_next/static/chunks/c5428_next_dist_client_67ff9f._.js:13665
[  651257ms] [LOG] [Fast Refresh] rebuilding @ http://localhost:3001/_next/static/chunks/c5428_next_dist_client_67ff9f._.js:13665
[  651505ms] [LOG] [Fast Refresh] rebuilding @ http://localhost:3001/_next/static/chunks/c5428_next_dist_client_67ff9f._.js:13665
[  651519ms] [LOG] [Fast Refresh] rebuilding @ http://localhost:3001/_next/static/chunks/c5428_next_dist_client_67ff9f._.js:13665
[  651605ms] [LOG] [Fast Refresh] rebuilding @ http://localhost:3001/_next/static/chunks/c5428_next_dist_client_67ff9f._.js:13665
[  651674ms] [LOG] [Fast Refresh] rebuilding @ http://localhost:3001/_next/static/chunks/c5428_next_dist_client_67ff9f._.js:13665
[  653380ms] [INFO] %cDownload the React DevTools for a better development experience: https://react.dev/link/react-devtools font-weight:bold @ http://localhost:3001/_next/static/chunks/c5428_next_dist_compiled_react-dom_761aac._.js:13948
[  653557ms] [LOG] [Fast Refresh] rebuilding @ http://localhost:3001/_next/static/chunks/c5428_next_dist_client_67ff9f._.js:13665
[  653612ms] [LOG] [Fast Refresh] rebuilding @ http://localhost:3001/_next/static/chunks/c5428_next_dist_client_67ff9f._.js:13665
[  654064ms] [LOG] [Fast Refresh] rebuilding @ http://localhost:3001/_next/static/chunks/c5428_next_dist_client_67ff9f._.js:13665
[  654072ms] [LOG] [Fast Refresh] rebuilding @ http://localhost:3001/_next/static/chunks/c5428_next_dist_client_67ff9f._.js:13665
[  654078ms] [LOG] [Fast Refresh] rebuilding @ http://localhost:3001/_next/static/chunks/c5428_next_dist_client_67ff9f._.js:13665
[  654079ms] [LOG] [Fast Refresh] rebuilding @ http://localhost:3001/_next/static/chunks/c5428_next_dist_client_67ff9f._.js:13665
[  659669ms] [LOG] [CameraController] Registering 1 POIs: [Object] @ http://localhost:3001/_next/static/chunks/src_components_games_indigo_f0bf86._.js:1199
[  732728ms] [LOG] [Fast Refresh] rebuilding @ http://localhost:3001/_next/static/chunks/c5428_next_dist_client_67ff9f._.js:13665
[  734127ms] [LOG] [Fast Refresh] done in 1287ms @ http://localhost:3001/_next/static/chunks/c5428_next_dist_client_67ff9f._.js:13492
[  738259ms] [LOG] [Fast Refresh] rebuilding @ http://localhost:3001/_next/static/chunks/c5428_next_dist_client_67ff9f._.js:13665
[  738262ms] [LOG] [Fast Refresh] rebuilding @ http://localhost:3001/_next/static/chunks/c5428_next_dist_client_67ff9f._.js:13665
[  738268ms] [LOG] [Fast Refresh] rebuilding @ http://localhost:3001/_next/static/chunks/c5428_next_dist_client_67ff9f._.js:13665
[  738329ms] [LOG] [Fast Refresh] rebuilding @ http://localhost:3001/_next/static/chunks/c5428_next_dist_client_67ff9f._.js:13665
[  750089ms] [LOG] [Fast Refresh] rebuilding @ http://localhost:3001/_next/static/chunks/c5428_next_dist_client_67ff9f._.js:13665
[  750215ms] [LOG] [Fast Refresh] rebuilding @ http://localhost:3001/_next/static/chunks/c5428_next_dist_client_67ff9f._.js:13665
[  751533ms] [INFO] %cDownload the React DevTools for a better development experience: https://react.dev/link/react-devtools font-weight:bold @ http://localhost:3001/_next/static/chunks/c5428_next_dist_compiled_react-dom_761aac._.js:13948
[  751841ms] [LOG] [Fast Refresh] rebuilding @ http://localhost:3001/_next/static/chunks/c5428_next_dist_client_67ff9f._.js:13665
[  762063ms] [LOG] [CameraController] Registering 1 POIs: [Object] @ http://localhost:3001/_next/static/chunks/src_components_games_indigo_f0bf86._.js:1199
[  770991ms] [LOG] [POI] Distance check: {label: listen, dist: 19.81, radius: 3, currentPos: Array(3), poiPos: Array(3)} @ http://localhost:3001/_next/static/chunks/src_components_games_indigo_f0bf86._.js:1396
[  782654ms] [LOG] [POI] Distance check: {label: listen, dist: 19.81, radius: 3, currentPos: Array(3), poiPos: Array(3)} @ http://localhost:3001/_next/static/chunks/src_components_games_indigo_f0bf86._.js:1396
[  782777ms] [LOG] [POI] Distance check: {label: listen, dist: 19.81, radius: 3, currentPos: Array(3), poiPos: Array(3)} @ http://localhost:3001/_next/static/chunks/src_components_games_indigo_f0bf86._.js:1396
[  786770ms] [LOG] [POI] Distance check: {label: listen, dist: 19.81, radius: 3, currentPos: Array(3), poiPos: Array(3)} @ http://localhost:3001/_next/static/chunks/src_components_games_indigo_f0bf86._.js:1396
[  788971ms] [LOG] [POI] Distance check: {label: listen, dist: 19.81, radius: 3, currentPos: Array(3), poiPos: Array(3)} @ http://localhost:3001/_next/static/chunks/src_components_games_indigo_f0bf86._.js:1396
[  789726ms] [LOG] [POI] Distance check: {label: listen, dist: 19.81, radius: 3, currentPos: Array(3), poiPos: Array(3)} @ http://localhost:3001/_next/static/chunks/src_components_games_indigo_f0bf86._.js:1396
[  793474ms] [LOG] [POI] Distance check: {label: listen, dist: 19.81, radius: 3, currentPos: Array(3), poiPos: Array(3)} @ http://localhost:3001/_next/static/chunks/src_components_games_indigo_f0bf86._.js:1396
[  796585ms] [LOG] [POI] Distance check: {label: listen, dist: 19.81, radius: 3, currentPos: Array(3), poiPos: Array(3)} @ http://localhost:3001/_next/static/chunks/src_components_games_indigo_f0bf86._.js:1396
[  804212ms] [LOG] [POI] Distance check: {label: listen, dist: 19.81, radius: 3, currentPos: Array(3), poiPos: Array(3)} @ http://localhost:3001/_next/static/chunks/src_components_games_indigo_f0bf86._.js:1396
[  806688ms] [LOG] [POI] Distance check: {label: listen, dist: 19.81, radius: 3, currentPos: Array(3), poiPos: Array(3)} @ http://localhost:3001/_next/static/chunks/src_components_games_indigo_f0bf86._.js:1396
[  817357ms] [LOG] [POI] Distance check: {label: listen, dist: 19.81, radius: 3, currentPos: Array(3), poiPos: Array(3)} @ http://localhost:3001/_next/static/chunks/src_components_games_indigo_f0bf86._.js:1396
[  818483ms] [LOG] [POI] Distance check: {label: listen, dist: 19.81, radius: 3, currentPos: Array(3), poiPos: Array(3)} @ http://localhost:3001/_next/static/chunks/src_components_games_indigo_f0bf86._.js:1396
[  819119ms] [LOG] [POI] Distance check: {label: listen, dist: 19.81, radius: 3, currentPos: Array(3), poiPos: Array(3)} @ http://localhost:3001/_next/static/chunks/src_components_games_indigo_f0bf86._.js:1396
[  823449ms] [LOG] [POI] Distance check: {label: listen, dist: 19.81, radius: 3, currentPos: Array(3), poiPos: Array(3)} @ http://localhost:3001/_next/static/chunks/src_components_games_indigo_f0bf86._.js:1396
[  826283ms] [LOG] [POI] Distance check: {label: listen, dist: 19.81, radius: 3, currentPos: Array(3), poiPos: Array(3)} @ http://localhost:3001/_next/static/chunks/src_components_games_indigo_f0bf86._.js:1396
[  829322ms] [LOG] [POI] Distance check: {label: listen, dist: 19.81, radius: 3, currentPos: Array(3), poiPos: Array(3)} @ http://localhost:3001/_next/static/chunks/src_components_games_indigo_f0bf86._.js:1396
[  843161ms] [LOG] [POI] Distance check: {label: listen, dist: 19.81, radius: 3, currentPos: Array(3), poiPos: Array(3)} @ http://localhost:3001/_next/static/chunks/src_components_games_indigo_f0bf86._.js:1396
[  849874ms] [LOG] [POI] Distance check: {label: listen, dist: 19.81, radius: 3, currentPos: Array(3), poiPos: Array(3)} @ http://localhost:3001/_next/static/chunks/src_components_games_indigo_f0bf86._.js:1396
[  865366ms] [LOG] [POI] Distance check: {label: listen, dist: 19.81, radius: 3, currentPos: Array(3), poiPos: Array(3)} @ http://localhost:3001/_next/static/chunks/src_components_games_indigo_f0bf86._.js:1396
[  873228ms] [LOG] [POI] Distance check: {label: listen, dist: 19.81, radius: 3, currentPos: Array(3), poiPos: Array(3)} @ http://localhost:3001/_next/static/chunks/src_components_games_indigo_f0bf86._.js:1396
[  880337ms] [LOG] [POI] Distance check: {label: listen, dist: 19.81, radius: 3, currentPos: Array(3), poiPos: Array(3)} @ http://localhost:3001/_next/static/chunks/src_components_games_indigo_f0bf86._.js:1396
[  898475ms] [LOG] [POI] Distance check: {label: listen, dist: 19.81, radius: 3, currentPos: Array(3), poiPos: Array(3)} @ http://localhost:3001/_next/static/chunks/src_components_games_indigo_f0bf86._.js:1396
[  902636ms] [LOG] [POI] Distance check: {label: listen, dist: 19.81, radius: 3, currentPos: Array(3), poiPos: Array(3)} @ http://localhost:3001/_next/static/chunks/src_components_games_indigo_f0bf86._.js:1396
[  906316ms] [LOG] [POI] Distance check: {label: listen, dist: 19.81, radius: 3, currentPos: Array(3), poiPos: Array(3)} @ http://localhost:3001/_next/static/chunks/src_components_games_indigo_f0bf86._.js:1396
[  912036ms] [LOG] [POI] Distance check: {label: listen, dist: 19.81, radius: 3, currentPos: Array(3), poiPos: Array(3)} @ http://localhost:3001/_next/static/chunks/src_components_games_indigo_f0bf86._.js:1396
[  917881ms] [LOG] [POI] Distance check: {label: listen, dist: 19.81, radius: 3, currentPos: Array(3), poiPos: Array(3)} @ http://localhost:3001/_next/static/chunks/src_components_games_indigo_f0bf86._.js:1396
[  919408ms] [LOG] [POI] Distance check: {label: listen, dist: 19.81, radius: 3, currentPos: Array(3), poiPos: Array(3)} @ http://localhost:3001/_next/static/chunks/src_components_games_indigo_f0bf86._.js:1396
[  930934ms] [LOG] [POI] Distance check: {label: listen, dist: 19.81, radius: 3, currentPos: Array(3), poiPos: Array(3)} @ http://localhost:3001/_next/static/chunks/src_components_games_indigo_f0bf86._.js:1396
[  934013ms] [LOG] [POI] Distance check: {label: listen, dist: 19.81, radius: 3, currentPos: Array(3), poiPos: Array(3)} @ http://localhost:3001/_next/static/chunks/src_components_games_indigo_f0bf86._.js:1396
[  941591ms] [LOG] [POI] Distance check: {label: listen, dist: 19.81, radius: 3, currentPos: Array(3), poiPos: Array(3)} @ http://localhost:3001/_next/static/chunks/src_components_games_indigo_f0bf86._.js:1396
[  941978ms] [LOG] [POI] Distance check: {label: listen, dist: 19.81, radius: 3, currentPos: Array(3), poiPos: Array(3)} @ http://localhost:3001/_next/static/chunks/src_components_games_indigo_f0bf86._.js:1396
[  959181ms] [LOG] [POI] Distance check: {label: listen, dist: 19.81, radius: 3, currentPos: Array(3), poiPos: Array(3)} @ http://localhost:3001/_next/static/chunks/src_components_games_indigo_f0bf86._.js:1396
[  961175ms] [LOG] [POI] Distance check: {label: listen, dist: 19.81, radius: 3, currentPos: Array(3), poiPos: Array(3)} @ http://localhost:3001/_next/static/chunks/src_components_games_indigo_f0bf86._.js:1396
[  962086ms] [LOG] [POI] Distance check: {label: listen, dist: 19.81, radius: 3, currentPos: Array(3), poiPos: Array(3)} @ http://localhost:3001/_next/static/chunks/src_components_games_indigo_f0bf86._.js:1396
[  972450ms] [LOG] [POI] Distance check: {label: listen, dist: 19.81, radius: 3, currentPos: Array(3), poiPos: Array(3)} @ http://localhost:3001/_next/static/chunks/src_components_games_indigo_f0bf86._.js:1396
[  982441ms] [LOG] [Fast Refresh] rebuilding @ http://localhost:3001/_next/static/chunks/c5428_next_dist_client_67ff9f._.js:13665
[  982881ms] [LOG] [Fast Refresh] rebuilding @ http://localhost:3001/_next/static/chunks/c5428_next_dist_client_67ff9f._.js:13665
[  982974ms] [LOG] [Fast Refresh] rebuilding @ http://localhost:3001/_next/static/chunks/c5428_next_dist_client_67ff9f._.js:13665
[  986351ms] [LOG] [POI] Distance check: {label: listen, dist: 19.81, radius: 3, currentPos: Array(3), poiPos: Array(3)} @ http://localhost:3001/_next/static/chunks/src_components_games_indigo_f0bf86._.js:1396
[  991046ms] [LOG] [Fast Refresh] rebuilding @ http://localhost:3001/_next/static/chunks/c5428_next_dist_client_67ff9f._.js:13665
[  991292ms] [LOG] [Fast Refresh] done in 247ms @ http://localhost:3001/_next/static/chunks/c5428_next_dist_client_67ff9f._.js:13492
[  992915ms] [LOG] [Fast Refresh] rebuilding @ http://localhost:3001/_next/static/chunks/c5428_next_dist_client_67ff9f._.js:13665
[ 1006940ms] [LOG] [Fast Refresh] rebuilding @ http://localhost:3001/_next/static/chunks/c5428_next_dist_client_67ff9f._.js:13665
[ 1007120ms] [LOG] [Fast Refresh] done in 190ms @ http://localhost:3001/_next/static/chunks/c5428_next_dist_client_67ff9f._.js:13492
[ 1008242ms] [LOG] [Fast Refresh] rebuilding @ http://localhost:3001/_next/static/chunks/c5428_next_dist_client_67ff9f._.js:13665
[ 1008245ms] [LOG] [Fast Refresh] rebuilding @ http://localhost:3001/_next/static/chunks/c5428_next_dist_client_67ff9f._.js:13665
[ 1010838ms] [LOG] [Fast Refresh] rebuilding @ http://localhost:3001/_next/static/chunks/c5428_next_dist_client_67ff9f._.js:13665
[ 1010926ms] [LOG] [Fast Refresh] rebuilding @ http://localhost:3001/_next/static/chunks/c5428_next_dist_client_67ff9f._.js:13665
[ 1048849ms] [LOG] [Fast Refresh] rebuilding @ http://localhost:3001/_next/static/chunks/c5428_next_dist_client_67ff9f._.js:13665
[ 1050863ms] [LOG] [Fast Refresh] rebuilding @ http://localhost:3001/_next/static/chunks/c5428_next_dist_client_67ff9f._.js:13665
[ 1051018ms] [LOG] [Fast Refresh] rebuilding @ http://localhost:3001/_next/static/chunks/c5428_next_dist_client_67ff9f._.js:13665
[ 1051081ms] [LOG] [Fast Refresh] rebuilding @ http://localhost:3001/_next/static/chunks/c5428_next_dist_client_67ff9f._.js:13665
[ 1058526ms] [LOG] [Fast Refresh] rebuilding @ http://localhost:3001/_next/static/chunks/c5428_next_dist_client_67ff9f._.js:13665
[ 1058730ms] [LOG] [Fast Refresh] done in 195ms @ http://localhost:3001/_next/static/chunks/c5428_next_dist_client_67ff9f._.js:13492
[ 1087685ms] [LOG] [Fast Refresh] rebuilding @ http://localhost:3001/_next/static/chunks/c5428_next_dist_client_67ff9f._.js:13665
[ 1087876ms] [LOG] [Fast Refresh] done in 187ms @ http://localhost:3001/_next/static/chunks/c5428_next_dist_client_67ff9f._.js:13492
[ 1088571ms] [LOG] [Fast Refresh] rebuilding @ http://localhost:3001/_next/static/chunks/c5428_next_dist_client_67ff9f._.js:13665
[ 1088572ms] [LOG] [Fast Refresh] rebuilding @ http://localhost:3001/_next/static/chunks/c5428_next_dist_client_67ff9f._.js:13665
[ 1090368ms] [LOG] [Fast Refresh] rebuilding @ http://localhost:3001/_next/static/chunks/c5428_next_dist_client_67ff9f._.js:13665
[ 1108566ms] [LOG] [Fast Refresh] rebuilding @ http://localhost:3001/_next/static/chunks/c5428_next_dist_client_67ff9f._.js:13665
[ 1108745ms] [LOG] [Fast Refresh] done in 159ms @ http://localhost:3001/_next/static/chunks/c5428_next_dist_client_67ff9f._.js:13492
[ 1109361ms] [LOG] [Fast Refresh] rebuilding @ http://localhost:3001/_next/static/chunks/c5428_next_dist_client_67ff9f._.js:13665
[ 1109363ms] [LOG] [Fast Refresh] rebuilding @ http://localhost:3001/_next/static/chunks/c5428_next_dist_client_67ff9f._.js:13665
[ 1109364ms] [LOG] [Fast Refresh] rebuilding @ http://localhost:3001/_next/static/chunks/c5428_next_dist_client_67ff9f._.js:13665
[ 1109365ms] [LOG] [Fast Refresh] rebuilding @ http://localhost:3001/_next/static/chunks/c5428_next_dist_client_67ff9f._.js:13665
[ 1121148ms] [LOG] [Fast Refresh] rebuilding @ http://localhost:3001/_next/static/chunks/c5428_next_dist_client_67ff9f._.js:13665
[ 1122033ms] [LOG] [Fast Refresh] done in 917ms @ http://localhost:3001/_next/static/chunks/c5428_next_dist_client_67ff9f._.js:13492
[ 1122161ms] [LOG] [Fast Refresh] rebuilding @ http://localhost:3001/_next/static/chunks/c5428_next_dist_client_67ff9f._.js:13665
[ 1122194ms] [LOG] [Fast Refresh] rebuilding @ http://localhost:3001/_next/static/chunks/c5428_next_dist_client_67ff9f._.js:13665
[ 1125032ms] [LOG] [Fast Refresh] rebuilding @ http://localhost:3001/_next/static/chunks/c5428_next_dist_client_67ff9f._.js:13665
[ 1125052ms] [LOG] [Fast Refresh] rebuilding @ http://localhost:3001/_next/static/chunks/c5428_next_dist_client_67ff9f._.js:13665
[ 1127775ms] [LOG] [Fast Refresh] rebuilding @ http://localhost:3001/_next/static/chunks/c5428_next_dist_client_67ff9f._.js:13665
[ 1127777ms] [LOG] [Fast Refresh] rebuilding @ http://localhost:3001/_next/static/chunks/c5428_next_dist_client_67ff9f._.js:13665
[ 1131982ms] [LOG] [Fast Refresh] rebuilding @ http://localhost:3001/_next/static/chunks/c5428_next_dist_client_67ff9f._.js:13665
[ 1132290ms] [LOG] [Fast Refresh] done in 336ms @ http://localhost:3001/_next/static/chunks/c5428_next_dist_client_67ff9f._.js:13492
[ 1135057ms] [LOG] [Fast Refresh] rebuilding @ http://localhost:3001/_next/static/chunks/c5428_next_dist_client_67ff9f._.js:13665
[ 1145720ms] [LOG] [Fast Refresh] rebuilding @ http://localhost:3001/_next/static/chunks/c5428_next_dist_client_67ff9f._.js:13665
[ 1145915ms] [LOG] [Fast Refresh] done in 192ms @ http://localhost:3001/_next/static/chunks/c5428_next_dist_client_67ff9f._.js:13492
[ 1159846ms] [LOG] [Fast Refresh] rebuilding @ http://localhost:3001/_next/static/chunks/c5428_next_dist_client_67ff9f._.js:13665
[ 1160124ms] [LOG] [Fast Refresh] done in 218ms @ http://localhost:3001/_next/static/chunks/c5428_next_dist_client_67ff9f._.js:13492
[ 1193695ms] [LOG] [Fast Refresh] rebuilding @ http://localhost:3001/_next/static/chunks/c5428_next_dist_client_67ff9f._.js:13665
[ 1194222ms] [LOG] [Fast Refresh] done in 540ms @ http://localhost:3001/_next/static/chunks/c5428_next_dist_client_67ff9f._.js:13492
[ 1195159ms] [LOG] [Fast Refresh] rebuilding @ http://localhost:3001/_next/static/chunks/c5428_next_dist_client_67ff9f._.js:13665
[ 1195161ms] [LOG] [Fast Refresh] rebuilding @ http://localhost:3001/_next/static/chunks/c5428_next_dist_client_67ff9f._.js:13665
[ 1195161ms] [LOG] [Fast Refresh] rebuilding @ http://localhost:3001/_next/static/chunks/c5428_next_dist_client_67ff9f._.js:13665
[ 1195171ms] [LOG] [Fast Refresh] rebuilding @ http://localhost:3001/_next/static/chunks/c5428_next_dist_client_67ff9f._.js:13665
[ 1201062ms] [LOG] [Fast Refresh] rebuilding @ http://localhost:3001/_next/static/chunks/c5428_next_dist_client_67ff9f._.js:13665
[ 1201672ms] [LOG] [Fast Refresh] done in 478ms @ http://localhost:3001/_next/static/chunks/c5428_next_dist_client_67ff9f._.js:13492
[ 1202608ms] [LOG] [Fast Refresh] rebuilding @ http://localhost:3001/_next/static/chunks/c5428_next_dist_client_67ff9f._.js:13665
[ 1202610ms] [LOG] [Fast Refresh] rebuilding @ http://localhost:3001/_next/static/chunks/c5428_next_dist_client_67ff9f._.js:13665
[ 1209101ms] [LOG] [Fast Refresh] rebuilding @ http://localhost:3001/_next/static/chunks/c5428_next_dist_client_67ff9f._.js:13665
[ 1209400ms] [LOG] [Fast Refresh] done in 211ms @ http://localhost:3001/_next/static/chunks/c5428_next_dist_client_67ff9f._.js:13492
[ 1210194ms] [LOG] [Fast Refresh] rebuilding @ http://localhost:3001/_next/static/chunks/c5428_next_dist_client_67ff9f._.js:13665
[ 1212641ms] [LOG] [Fast Refresh] rebuilding @ http://localhost:3001/_next/static/chunks/c5428_next_dist_client_67ff9f._.js:13665
[ 1212671ms] [LOG] [Fast Refresh] done in 9ms @ http://localhost:3001/_next/static/chunks/c5428_next_dist_client_67ff9f._.js:13492
[ 1213158ms] [LOG] [Fast Refresh] rebuilding @ http://localhost:3001/_next/static/chunks/c5428_next_dist_client_67ff9f._.js:13665
[ 1213164ms] [LOG] [Fast Refresh] rebuilding @ http://localhost:3001/_next/static/chunks/c5428_next_dist_client_67ff9f._.js:13665
[ 1213168ms] [LOG] [Fast Refresh] rebuilding @ http://localhost:3001/_next/static/chunks/c5428_next_dist_client_67ff9f._.js:13665
[ 1213176ms] [LOG] [Fast Refresh] rebuilding @ http://localhost:3001/_next/static/chunks/c5428_next_dist_client_67ff9f._.js:13665
[ 1213178ms] [LOG] [Fast Refresh] rebuilding @ http://localhost:3001/_next/static/chunks/c5428_next_dist_client_67ff9f._.js:13665
[ 1215302ms] [LOG] [Fast Refresh] rebuilding @ http://localhost:3001/_next/static/chunks/c5428_next_dist_client_67ff9f._.js:13665
[ 1216978ms] [LOG] [Fast Refresh] rebuilding @ http://localhost:3001/_next/static/chunks/c5428_next_dist_client_67ff9f._.js:13665
[ 1217205ms] [LOG] [Fast Refresh] done in 210ms @ http://localhost:3001/_next/static/chunks/c5428_next_dist_client_67ff9f._.js:13492
[ 1218005ms] [LOG] [Fast Refresh] rebuilding @ http://localhost:3001/_next/static/chunks/c5428_next_dist_client_67ff9f._.js:13665
[ 1218008ms] [LOG] [Fast Refresh] rebuilding @ http://localhost:3001/_next/static/chunks/c5428_next_dist_client_67ff9f._.js:13665
[ 1219863ms] [LOG] [Fast Refresh] rebuilding @ http://localhost:3001/_next/static/chunks/c5428_next_dist_client_67ff9f._.js:13665
[ 1254457ms] [LOG] [Fast Refresh] rebuilding @ http://localhost:3001/_next/static/chunks/c5428_next_dist_client_67ff9f._.js:13665
[ 1254672ms] [LOG] [Fast Refresh] done in 218ms @ http://localhost:3001/_next/static/chunks/c5428_next_dist_client_67ff9f._.js:13492
[ 1263833ms] [LOG] [Fast Refresh] rebuilding @ http://localhost:3001/_next/static/chunks/c5428_next_dist_client_67ff9f._.js:13665
[ 1264091ms] [LOG] [Fast Refresh] done in 172ms @ http://localhost:3001/_next/static/chunks/c5428_next_dist_client_67ff9f._.js:13492
[ 1281557ms] [LOG] [Fast Refresh] rebuilding @ http://localhost:3001/_next/static/chunks/c5428_next_dist_client_67ff9f._.js:13665
[ 1281657ms] [LOG] [Fast Refresh] rebuilding @ http://localhost:3001/_next/static/chunks/c5428_next_dist_client_67ff9f._.js:13665
[ 1282538ms] [INFO] %cDownload the React DevTools for a better development experience: https://react.dev/link/react-devtools font-weight:bold @ http://localhost:3001/_next/static/chunks/c5428_next_dist_compiled_react-dom_761aac._.js:13948
[ 1282646ms] [LOG] [Fast Refresh] rebuilding @ http://localhost:3001/_next/static/chunks/c5428_next_dist_client_67ff9f._.js:13665
[ 1289163ms] TypeError: playerPos.distanceTo is not a function
    at DialogueSystem.updateProximity (http://localhost:3001/_next/static/chunks/src_components_games_indigo_7fa23f._.js:1835:36)
    at DialogueSystem.update (http://localhost:3001/_next/static/chunks/src_components_games_indigo_7fa23f._.js:1807:22)
    at SceneManager.update (http://localhost:3001/_next/static/chunks/src_components_games_indigo_7fa23f._.js:2298:33)
    at IndigoFrequency.useCallback[gameLoop] (http://localhost:3001/_next/static/chunks/src_components_games_indigo_7fa23f._.js:9234:27)
[ 1289167ms] [LOG] [Fast Refresh] rebuilding @ http://localhost:3001/_next/static/chunks/c5428_next_dist_client_67ff9f._.js:13665
[ 1322097ms] [LOG] [Fast Refresh] rebuilding @ http://localhost:3001/_next/static/chunks/c5428_next_dist_client_67ff9f._.js:13665
[ 1322308ms] [LOG] [Fast Refresh] done in 175ms @ http://localhost:3001/_next/static/chunks/c5428_next_dist_client_67ff9f._.js:13492
[ 1322464ms] [LOG] [Fast Refresh] rebuilding @ http://localhost:3001/_next/static/chunks/c5428_next_dist_client_67ff9f._.js:13665
[ 1322565ms] [LOG] [Fast Refresh] rebuilding @ http://localhost:3001/_next/static/chunks/c5428_next_dist_client_67ff9f._.js:13665
[ 1322575ms] [LOG] [Fast Refresh] rebuilding @ http://localhost:3001/_next/static/chunks/c5428_next_dist_client_67ff9f._.js:13665
[ 1322610ms] [LOG] [Fast Refresh] rebuilding @ http://localhost:3001/_next/static/chunks/c5428_next_dist_client_67ff9f._.js:13665
[ 1339461ms] [LOG] [Fast Refresh] rebuilding @ http://localhost:3001/_next/static/chunks/c5428_next_dist_client_67ff9f._.js:13665
[ 1339535ms] [LOG] [Fast Refresh] rebuilding @ http://localhost:3001/_next/static/chunks/c5428_next_dist_client_67ff9f._.js:13665
[ 1339708ms] [LOG] [Fast Refresh] rebuilding @ http://localhost:3001/_next/static/chunks/c5428_next_dist_client_67ff9f._.js:13665
[ 1342062ms] [INFO] %cDownload the React DevTools for a better development experience: https://react.dev/link/react-devtools font-weight:bold @ http://localhost:3001/_next/static/chunks/c5428_next_dist_compiled_react-dom_761aac._.js:13948
[ 1342168ms] [LOG] [Fast Refresh] rebuilding @ http://localhost:3001/_next/static/chunks/c5428_next_dist_client_67ff9f._.js:13665
[ 1491393ms] [LOG] [Fast Refresh] rebuilding @ http://localhost:3001/_next/static/chunks/c5428_next_dist_client_67ff9f._.js:13665
[ 1491495ms] [LOG] [Fast Refresh] rebuilding @ http://localhost:3001/_next/static/chunks/c5428_next_dist_client_67ff9f._.js:13665
[ 1492076ms] [INFO] %cDownload the React DevTools for a better development experience: https://react.dev/link/react-devtools font-weight:bold @ http://localhost:3001/_next/static/chunks/c5428_next_dist_compiled_react-dom_761aac._.js:13948
[ 1492149ms] [LOG] [Fast Refresh] rebuilding @ http://localhost:3001/_next/static/chunks/c5428_next_dist_client_67ff9f._.js:13665
